<?xml version="1.0" encoding="UTF-8"?>
<!-- Generated by org.testng.reporters.JUnitXMLReporter -->
<testsuite hostname="DESKTOP-CTMBMV2" ignored="0" name="inetbankingchrome" tests="2" failures="0" timestamp="18 Nov 2021 09:21:05 GMT" time="23.449" errors="0">
  <testcase name="loginTest" time="2.484" classname="com.inetbanking.Testcases.TC_Login_001"/>
  <testcase name="creatingCustomer" time="6.813" classname="com.inetbanking.Testcases.TC_createcustomer_002"/>
</testsuite> <!-- inetbankingchrome -->
