<?xml version="1.0" encoding="UTF-8"?>
<testng-results ignored="0" total="1" passed="1" failed="0" skipped="0">
  <reporter-output>
  </reporter-output>
  <suite started-at="2021-11-18T05:24:53Z" name="Suite" finished-at="2021-11-18T05:25:08Z" duration-ms="14556">
    <groups>
    </groups>
    <test started-at="2021-11-18T05:24:53Z" name="inetbankingchrome" finished-at="2021-11-18T05:25:08Z" duration-ms="14556">
      <class name="com.inetbanking.Testcases.TC_createcustomer_002">
        <test-method is-config="true" signature="setup(java.lang.String)[pri:0, instance:com.inetbanking.Testcases.TC_createcustomer_002@6a01e23]" started-at="2021-11-18T05:24:54Z" name="setup" finished-at="2021-11-18T05:25:00Z" duration-ms="6750" status="PASS">
          <params>
            <param index="0">
              <value>
                <![CDATA[chrome]]>
              </value>
            </param>
          </params>
          <reporter-output>
          </reporter-output>
        </test-method> <!-- setup -->
        <test-method signature="creatingCustomer()[pri:0, instance:com.inetbanking.Testcases.TC_createcustomer_002@6a01e23]" started-at="2021-11-18T05:25:00Z" name="creatingCustomer" finished-at="2021-11-18T05:25:07Z" duration-ms="6721" status="PASS">
          <reporter-output>
          </reporter-output>
        </test-method> <!-- creatingCustomer -->
        <test-method is-config="true" signature="teardown()[pri:0, instance:com.inetbanking.Testcases.TC_createcustomer_002@6a01e23]" started-at="2021-11-18T05:25:07Z" name="teardown" finished-at="2021-11-18T05:25:08Z" duration-ms="755" status="PASS">
          <reporter-output>
          </reporter-output>
        </test-method> <!-- teardown -->
      </class> <!-- com.inetbanking.Testcases.TC_createcustomer_002 -->
    </test> <!-- inetbankingchrome -->
  </suite> <!-- Suite -->
</testng-results>
